<?xml version="1.0" encoding="UTF-8" ?>
<testsuite tests="30" failures="2" name="maven_1.testmaven.TestMavenTest" time="0.065" errors="0" skipped="0">
  <properties>
[...]
</properties>
  <testcase classname="maven_1.testmaven.TestMavenTest" name="testTriangleTrue_0" time="0.028"/>
  <testcase classname="maven_1.testmaven.TestMavenTest" name="testTriangleTrue_1" time="0"/>
  <testcase classname="maven_1.testmaven.TestMavenTest" name="testTriangleTrue_2" time="0"/>
  <testcase classname="maven_1.testmaven.TestMavenTest" name="testTriangleTrue_3" time="0.002"/>
  <testcase classname="maven_1.testmaven.TestMavenTest" name="testTriangleTrue_4" time="0"/>
  <testcase classname="maven_1.testmaven.TestMavenTest" name="testTriangleTrue_5" time="0"/>
  <testcase classname="maven_1.testmaven.TestMavenTest" name="testTriangleTrue_6" time="0.005"/>
  <testcase classname="maven_1.testmaven.TestMavenTest" name="testTriangleTrue_7" time="0.002"/>
  <testcase classname="maven_1.testmaven.TestMavenTest" name="testIsTriangle_1" time="0"/>
  <testcase classname="maven_1.testmaven.TestMavenTest" name="testIsTriangle_2" time="0.007">
    <failure type="java.lang.AssertionError">java.lang.AssertionError
	at org.junit.Assert.fail(Assert.java:86)
	at org.junit.Assert.assertTrue(Assert.java:41)
	at org.junit.Assert.assertFalse(Assert.java:64)
	at org.junit.Assert.assertFalse(Assert.java:74)
	at maven_1.testmaven.TestMavenTest.testIsTriangle_2(TestMavenTest.java:578)
	at sun.reflect.NativeMethodAccessorImpl.invoke0(Native Method)
	at sun.reflect.NativeMethodAccessorImpl.invoke(NativeMethodAccessorImpl.java:62)
	at sun.reflect.DelegatingMethodAccessorImpl.invoke(DelegatingMethodAccessorImpl.java:43)
	at java.lang.reflect.Method.invoke(Method.java:498)
	at org.junit.runners.model.FrameworkMethod$1.runReflectiveCall(FrameworkMethod.java:47)
	at org.junit.internal.runners.model.ReflectiveCallable.run(ReflectiveCallable.java:12)
	at org.junit.runners.model.FrameworkMethod.invokeExplosively(FrameworkMethod.java:44)
	at org.junit.internal.runners.statements.InvokeMethod.evaluate(InvokeMethod.java:17)
	at org.junit.runners.ParentRunner.runLeaf(ParentRunner.java:271)
	at org.junit.runners.BlockJUnit4ClassRunner.runChild(BlockJUnit4ClassRunner.java:70)
	at org.junit.runners.BlockJUnit4ClassRunner.runChild(BlockJUnit4ClassRunner.java:50)
	at org.junit.runners.ParentRunner$3.run(ParentRunner.java:238)
	at org.junit.runners.ParentRunner$1.schedule(ParentRunner.java:63)
	at org.junit.runners.ParentRunner.runChildren(ParentRunner.java:236)
	at org.junit.runners.ParentRunner.access$000(ParentRunner.java:53)
	at org.junit.runners.ParentRunner$2.evaluate(ParentRunner.java:229)
	at org.junit.runners.ParentRunner.run(ParentRunner.java:309)
	at org.apache.maven.surefire.junit4.JUnit4Provider.execute(JUnit4Provider.java:252)
	at org.apache.maven.surefire.junit4.JUnit4Provider.executeTestSet(JUnit4Provider.java:141)
	at org.apache.maven.surefire.junit4.JUnit4Provider.invoke(JUnit4Provider.java:112)
	at sun.reflect.NativeMethodAccessorImpl.invoke0(Native Method)
	at sun.reflect.NativeMethodAccessorImpl.invoke(NativeMethodAccessorImpl.java:62)
	at sun.reflect.DelegatingMethodAccessorImpl.invoke(DelegatingMethodAccessorImpl.java:43)
	at java.lang.reflect.Method.invoke(Method.java:498)
	at org.apache.maven.surefire.util.ReflectionUtils.invokeMethodWithArray(ReflectionUtils.java:189)
	at org.apache.maven.surefire.booter.ProviderFactory$ProviderProxy.invoke(ProviderFactory.java:165)
	at org.apache.maven.surefire.booter.ProviderFactory.invokeProvider(ProviderFactory.java:85)
	at org.apache.maven.surefire.booter.ForkedBooter.runSuitesInProcess(ForkedBooter.java:115)
	at org.apache.maven.surefire.booter.ForkedBooter.main(ForkedBooter.java:75)
</failure>
  </testcase>
  <testcase classname="maven_1.testmaven.TestMavenTest" name="testIsTriangle_3" time="0">
    <failure type="java.lang.AssertionError">java.lang.AssertionError
	at org.junit.Assert.fail(Assert.java:86)
	at org.junit.Assert.assertTrue(Assert.java:41)
	at org.junit.Assert.assertTrue(Assert.java:52)
	at maven_1.testmaven.TestMavenTest.testIsTriangle_3(TestMavenTest.java:584)
	at sun.reflect.NativeMethodAccessorImpl.invoke0(Native Method)
	at sun.reflect.NativeMethodAccessorImpl.invoke(NativeMethodAccessorImpl.java:62)
	at sun.reflect.DelegatingMethodAccessorImpl.invoke(DelegatingMethodAccessorImpl.java:43)
	at java.lang.reflect.Method.invoke(Method.java:498)
	at org.junit.runners.model.FrameworkMethod$1.runReflectiveCall(FrameworkMethod.java:47)
	at org.junit.internal.runners.model.ReflectiveCallable.run(ReflectiveCallable.java:12)
	at org.junit.runners.model.FrameworkMethod.invokeExplosively(FrameworkMethod.java:44)
	at org.junit.internal.runners.statements.InvokeMethod.evaluate(InvokeMethod.java:17)
	at org.junit.runners.ParentRunner.runLeaf(ParentRunner.java:271)
	at org.junit.runners.BlockJUnit4ClassRunner.runChild(BlockJUnit4ClassRunner.java:70)
	at org.junit.runners.BlockJUnit4ClassRunner.runChild(BlockJUnit4ClassRunner.java:50)
	at org.junit.runners.ParentRunner$3.run(ParentRunner.java:238)
	at org.junit.runners.ParentRunner$1.schedule(ParentRunner.java:63)
	at org.junit.runners.ParentRunner.runChildren(ParentRunner.java:236)
	at org.junit.runners.ParentRunner.access$000(ParentRunner.java:53)
	at org.junit.runners.ParentRunner$2.evaluate(ParentRunner.java:229)
	at org.junit.runners.ParentRunner.run(ParentRunner.java:309)
	at org.apache.maven.surefire.junit4.JUnit4Provider.execute(JUnit4Provider.java:252)
	at org.apache.maven.surefire.junit4.JUnit4Provider.executeTestSet(JUnit4Provider.java:141)
	at org.apache.maven.surefire.junit4.JUnit4Provider.invoke(JUnit4Provider.java:112)
	at sun.reflect.NativeMethodAccessorImpl.invoke0(Native Method)
	at sun.reflect.NativeMethodAccessorImpl.invoke(NativeMethodAccessorImpl.java:62)
	at sun.reflect.DelegatingMethodAccessorImpl.invoke(DelegatingMethodAccessorImpl.java:43)
	at java.lang.reflect.Method.invoke(Method.java:498)
	at org.apache.maven.surefire.util.ReflectionUtils.invokeMethodWithArray(ReflectionUtils.java:189)
	at org.apache.maven.surefire.booter.ProviderFactory$ProviderProxy.invoke(ProviderFactory.java:165)
	at org.apache.maven.surefire.booter.ProviderFactory.invokeProvider(ProviderFactory.java:85)
	at org.apache.maven.surefire.booter.ForkedBooter.runSuitesInProcess(ForkedBooter.java:115)
	at org.apache.maven.surefire.booter.ForkedBooter.main(ForkedBooter.java:75)
</failure>
  </testcase>
  <testcase classname="maven_1.testmaven.TestMavenTest" name="testIsTriangle_4" time="0"/>
  <testcase classname="maven_1.testmaven.TestMavenTest" name="testTriangleFalse_1" time="0"/>
  <testcase classname="maven_1.testmaven.TestMavenTest" name="testTriangleFalse_2" time="0.001"/>
  <testcase classname="maven_1.testmaven.TestMavenTest" name="testTriangleFalse_3" time="0"/>
  <testcase classname="maven_1.testmaven.TestMavenTest" name="testTriangleFalse_4" time="0.004"/>
  <testcase classname="maven_1.testmaven.TestMavenTest" name="testTriangleFalse_5" time="0.002"/>
  <testcase classname="maven_1.testmaven.TestMavenTest" name="testTriangleFalse_6" time="0"/>
  <testcase classname="maven_1.testmaven.TestMavenTest" name="testTriangleFalse_7" time="0"/>
  <testcase classname="maven_1.testmaven.TestMavenTest" name="testTriangleFalse_8" time="0.002"/>
  <testcase classname="maven_1.testmaven.TestMavenTest" name="testTriangleFalse_10" time="0.001"/>
  <testcase classname="maven_1.testmaven.TestMavenTest" name="testTriangleFalse_11" time="0.002"/>
  <testcase classname="maven_1.testmaven.TestMavenTest" name="testTriangleFalse_12" time="0.001"/>
  <testcase classname="maven_1.testmaven.TestMavenTest" name="testTriangleFalse_13" time="0"/>
  <testcase classname="maven_1.testmaven.TestMavenTest" name="testTriangleFalse_14" time="0.002"/>
  <testcase classname="maven_1.testmaven.TestMavenTest" name="testTriangleFalse_15" time="0.001"/>
  <testcase classname="maven_1.testmaven.TestMavenTest" name="testTriangleFalse_16" time="0.002"/>
  <testcase classname="maven_1.testmaven.TestMavenTest" name="testTriangleFalse_17" time="0"/>
  <testcase classname="maven_1.testmaven.TestMavenTest" name="testTriangleFalse_23" time="0"/>
  <testcase classname="maven_1.testmaven.TestMavenTest" name="testTriangleFalse_24" time="0.003"/>
</testsuite>